2024-08-04T03:29:44.658Z [32minfo[39m: Server started on http://localhost:6060
2024-08-04T03:30:17.083Z [31merror[39m: 58280000:error:0A000438:SSL routines:ssl3_read_bytes:tlsv1 alert internal error:c:\ws\deps\openssl\openssl\ssl\record\rec_layer_s3.c:1586:SSL alert number 80

2024-08-04T03:44:35.201Z [32minfo[39m: Server started on http://localhost:6060
2024-08-04T03:45:10.969Z [32minfo[39m: Server started on http://localhost:6060
2024-08-04T03:46:13.636Z [32minfo[39m: Server started on http://localhost:6060
2024-08-04T03:47:09.712Z [32minfo[39m: Server started on http://localhost:6060
2024-08-04T03:47:39.856Z [31merror[39m: D4180000:error:0A000438:SSL routines:ssl3_read_bytes:tlsv1 alert internal error:c:\ws\deps\openssl\openssl\ssl\record\rec_layer_s3.c:1586:SSL alert number 80

2024-08-04T03:58:13.696Z [32minfo[39m: Server started on http://localhost:6060
2024-08-04T03:58:45.928Z [31merror[39m: 1C260000:error:0A000438:SSL routines:ssl3_read_bytes:tlsv1 alert internal error:c:\ws\deps\openssl\openssl\ssl\record\rec_layer_s3.c:1586:SSL alert number 80

2024-08-15T23:42:39.379Z [32minfo[39m: Server started on http://localhost:6060
2024-08-15T23:42:39.555Z [31merror[39m: Redis Client Error
2024-08-15T23:42:39.831Z [31merror[39m: Redis Client Error
2024-08-15T23:42:39.893Z [31merror[39m: Redis Client Error
2024-08-15T23:42:40.014Z [31merror[39m: Redis Client Error
2024-08-15T23:42:40.429Z [31merror[39m: Redis Client Error
2024-08-15T23:42:40.673Z [31merror[39m: Redis Client Error
2024-08-15T23:42:40.934Z [31merror[39m: Redis Client Error
2024-08-15T23:42:41.265Z [31merror[39m: Redis Client Error
2024-08-15T23:42:41.638Z [31merror[39m: Redis Client Error
2024-08-15T23:42:42.063Z [31merror[39m: Redis Client Error
2024-08-15T23:42:42.076Z [32minfo[39m: Mongodb connected successfully
2024-08-15T23:42:42.532Z [31merror[39m: Redis Client Error
2024-08-15T23:42:43.051Z [31merror[39m: Redis Client Error
2024-08-15T23:42:43.571Z [31merror[39m: Redis Client Error
2024-08-15T23:42:44.093Z [31merror[39m: Redis Client Error
2024-08-15T23:42:44.605Z [31merror[39m: Redis Client Error
2024-08-15T23:42:45.126Z [31merror[39m: Redis Client Error
2024-08-15T23:42:45.637Z [31merror[39m: Redis Client Error
2024-08-15T23:42:46.154Z [31merror[39m: Redis Client Error
2024-08-15T23:42:46.678Z [31merror[39m: Redis Client Error
2024-08-15T23:42:47.196Z [31merror[39m: Redis Client Error
2024-08-15T23:42:47.712Z [31merror[39m: Redis Client Error
2024-08-15T23:42:48.226Z [31merror[39m: Redis Client Error
2024-08-15T23:42:48.742Z [31merror[39m: Redis Client Error
2024-08-15T23:42:49.252Z [31merror[39m: Redis Client Error
2024-08-15T23:42:49.769Z [31merror[39m: Redis Client Error
2024-08-15T23:42:50.286Z [31merror[39m: Redis Client Error
2024-08-15T23:42:50.804Z [31merror[39m: Redis Client Error
2024-08-15T23:42:51.328Z [31merror[39m: Redis Client Error
2024-08-15T23:42:51.836Z [31merror[39m: Redis Client Error
2024-08-15T23:42:52.355Z [31merror[39m: Redis Client Error
2024-08-15T23:42:52.868Z [31merror[39m: Redis Client Error
2024-08-15T23:42:53.388Z [31merror[39m: Redis Client Error
2024-08-15T23:42:53.913Z [31merror[39m: Redis Client Error
2024-08-15T23:42:54.431Z [31merror[39m: Redis Client Error
2024-08-15T23:42:54.949Z [31merror[39m: Redis Client Error
2024-08-15T23:42:55.466Z [31merror[39m: Redis Client Error
2024-08-15T23:42:55.977Z [31merror[39m: Redis Client Error
2024-08-15T23:42:56.493Z [31merror[39m: Redis Client Error
2024-08-15T23:42:56.999Z [31merror[39m: Redis Client Error
2024-08-15T23:42:57.520Z [31merror[39m: Redis Client Error
2024-08-15T23:42:58.029Z [31merror[39m: Redis Client Error
2024-08-15T23:42:58.540Z [31merror[39m: Redis Client Error
2024-08-15T23:42:59.065Z [31merror[39m: Redis Client Error
2024-08-15T23:42:59.574Z [31merror[39m: Redis Client Error
2024-08-15T23:43:00.085Z [31merror[39m: Redis Client Error
2024-08-15T23:43:00.601Z [31merror[39m: Redis Client Error
2024-08-15T23:43:01.119Z [31merror[39m: Redis Client Error
2024-08-15T23:43:01.637Z [31merror[39m: Redis Client Error
2024-08-15T23:43:02.155Z [31merror[39m: Redis Client Error
2024-08-15T23:43:02.668Z [31merror[39m: Redis Client Error
2024-08-15T23:43:03.182Z [31merror[39m: Redis Client Error
2024-08-15T23:43:03.692Z [31merror[39m: Redis Client Error
2024-08-15T23:43:04.208Z [31merror[39m: Redis Client Error
2024-08-15T23:43:04.727Z [31merror[39m: Redis Client Error
2024-08-15T23:43:05.237Z [31merror[39m: Redis Client Error
2024-08-15T23:43:05.753Z [31merror[39m: Redis Client Error
2024-08-15T23:43:06.270Z [31merror[39m: Redis Client Error
2024-08-15T23:43:06.792Z [31merror[39m: Redis Client Error
2024-08-15T23:43:07.302Z [31merror[39m: Redis Client Error
2024-08-15T23:43:07.822Z [31merror[39m: Redis Client Error
2024-08-15T23:43:08.336Z [31merror[39m: Redis Client Error
2024-08-15T23:43:08.862Z [31merror[39m: Redis Client Error
2024-08-15T23:43:09.385Z [31merror[39m: Redis Client Error
2024-08-15T23:43:09.903Z [31merror[39m: Redis Client Error
2024-08-15T23:43:10.419Z [31merror[39m: Redis Client Error
2024-08-15T23:43:10.931Z [31merror[39m: Redis Client Error
2024-08-15T23:43:11.443Z [31merror[39m: Redis Client Error
2024-08-15T23:43:12.028Z [31merror[39m: Redis Client Error
2024-08-15T23:43:12.624Z [31merror[39m: Redis Client Error
2024-08-15T23:43:13.140Z [31merror[39m: Redis Client Error
2024-08-15T23:43:13.694Z [31merror[39m: Redis Client Error
2024-08-15T23:43:14.211Z [31merror[39m: Redis Client Error
2024-08-15T23:43:14.737Z [31merror[39m: Redis Client Error
2024-08-15T23:43:15.251Z [31merror[39m: Redis Client Error
2024-08-15T23:43:15.774Z [31merror[39m: Redis Client Error
2024-08-15T23:43:16.285Z [31merror[39m: Redis Client Error
2024-08-15T23:43:16.802Z [31merror[39m: Redis Client Error
2024-08-15T23:43:17.315Z [31merror[39m: Redis Client Error
2024-08-15T23:43:17.829Z [31merror[39m: Redis Client Error
2024-08-15T23:43:18.348Z [31merror[39m: Redis Client Error
2024-08-15T23:43:18.867Z [31merror[39m: Redis Client Error
2024-08-15T23:43:19.378Z [31merror[39m: Redis Client Error
2024-08-15T23:43:19.896Z [31merror[39m: Redis Client Error
2024-08-15T23:43:20.420Z [31merror[39m: Redis Client Error
2024-08-15T23:43:20.937Z [31merror[39m: Redis Client Error
2024-08-15T23:43:21.457Z [31merror[39m: Redis Client Error
2024-08-15T23:43:21.972Z [31merror[39m: Redis Client Error
2024-08-15T23:43:22.488Z [31merror[39m: Redis Client Error
2024-08-15T23:43:23.008Z [31merror[39m: Redis Client Error
2024-08-15T23:43:23.522Z [31merror[39m: Redis Client Error
2024-08-15T23:43:24.037Z [31merror[39m: Redis Client Error
2024-08-15T23:43:24.559Z [31merror[39m: Redis Client Error
2024-08-15T23:43:25.077Z [31merror[39m: Redis Client Error
2024-08-15T23:43:25.592Z [31merror[39m: Redis Client Error
2024-08-15T23:43:26.110Z [31merror[39m: Redis Client Error
2024-08-15T23:43:26.630Z [31merror[39m: Redis Client Error
2024-08-15T23:43:27.147Z [31merror[39m: Redis Client Error
2024-08-15T23:43:27.657Z [31merror[39m: Redis Client Error
2024-08-15T23:43:28.181Z [31merror[39m: Redis Client Error
2024-08-15T23:43:28.694Z [31merror[39m: Redis Client Error
2024-08-15T23:43:29.220Z [31merror[39m: Redis Client Error
2024-08-15T23:43:29.735Z [31merror[39m: Redis Client Error
2024-08-15T23:43:30.253Z [31merror[39m: Redis Client Error
2024-08-15T23:43:30.772Z [31merror[39m: Redis Client Error
2024-08-15T23:43:31.288Z [31merror[39m: Redis Client Error
2024-08-15T23:43:31.807Z [31merror[39m: Redis Client Error
2024-08-15T23:43:32.335Z [31merror[39m: Redis Client Error
2024-08-15T23:43:32.864Z [31merror[39m: Redis Client Error
2024-08-15T23:43:33.379Z [31merror[39m: Redis Client Error
2024-08-15T23:43:33.906Z [31merror[39m: Redis Client Error
2024-08-15T23:43:34.427Z [31merror[39m: Redis Client Error
2024-08-15T23:43:34.932Z [31merror[39m: Redis Client Error
2024-08-15T23:43:35.468Z [31merror[39m: Redis Client Error
2024-08-15T23:43:35.992Z [31merror[39m: Redis Client Error
2024-08-15T23:43:36.518Z [31merror[39m: Redis Client Error
2024-08-15T23:43:37.046Z [31merror[39m: Redis Client Error
2024-08-15T23:43:37.560Z [31merror[39m: Redis Client Error
2024-08-15T23:43:38.092Z [31merror[39m: Redis Client Error
2024-08-15T23:43:38.616Z [31merror[39m: Redis Client Error
2024-08-15T23:43:39.142Z [31merror[39m: Redis Client Error
2024-08-15T23:43:39.652Z [31merror[39m: Redis Client Error
2024-08-15T23:43:40.170Z [31merror[39m: Redis Client Error
2024-08-15T23:43:40.687Z [31merror[39m: Redis Client Error
2024-08-15T23:43:41.250Z [31merror[39m: Redis Client Error
2024-08-15T23:43:41.770Z [31merror[39m: Redis Client Error
2024-08-15T23:43:42.278Z [31merror[39m: Redis Client Error
2024-08-15T23:43:42.797Z [31merror[39m: Redis Client Error
2024-08-15T23:43:43.308Z [31merror[39m: Redis Client Error
2024-08-15T23:43:43.824Z [31merror[39m: Redis Client Error
2024-08-15T23:43:44.341Z [31merror[39m: Redis Client Error
2024-08-15T23:43:44.860Z [31merror[39m: Redis Client Error
2024-08-15T23:43:45.376Z [31merror[39m: Redis Client Error
2024-08-15T23:43:45.892Z [31merror[39m: Redis Client Error
2024-08-15T23:43:46.410Z [31merror[39m: Redis Client Error
2024-08-15T23:43:46.933Z [31merror[39m: Redis Client Error
2024-08-15T23:43:47.443Z [31merror[39m: Redis Client Error
2024-08-15T23:43:47.956Z [31merror[39m: Redis Client Error
2024-08-15T23:43:48.481Z [31merror[39m: Redis Client Error
2024-08-15T23:43:49.009Z [31merror[39m: Redis Client Error
2024-08-15T23:43:49.573Z [31merror[39m: Redis Client Error
2024-08-15T23:43:50.081Z [31merror[39m: Redis Client Error
2024-08-15T23:43:50.609Z [31merror[39m: Redis Client Error
2024-08-15T23:43:51.149Z [31merror[39m: Redis Client Error
2024-08-15T23:43:51.698Z [31merror[39m: Redis Client Error
2024-08-15T23:43:52.204Z [31merror[39m: Redis Client Error
2024-08-15T23:43:52.719Z [31merror[39m: Redis Client Error
2024-08-15T23:43:53.234Z [31merror[39m: Redis Client Error
2024-08-15T23:43:53.762Z [31merror[39m: Redis Client Error
2024-08-15T23:43:54.281Z [31merror[39m: Redis Client Error
2024-08-15T23:43:54.800Z [31merror[39m: Redis Client Error
2024-08-15T23:43:55.317Z [31merror[39m: Redis Client Error
2024-08-15T23:43:55.834Z [31merror[39m: Redis Client Error
2024-08-15T23:43:56.351Z [31merror[39m: Redis Client Error
2024-08-15T23:43:56.871Z [31merror[39m: Redis Client Error
2024-08-15T23:43:57.384Z [31merror[39m: Redis Client Error
2024-08-15T23:43:57.904Z [31merror[39m: Redis Client Error
2024-08-15T23:43:58.415Z [31merror[39m: Redis Client Error
2024-08-15T23:43:58.939Z [31merror[39m: Redis Client Error
2024-08-15T23:43:59.457Z [31merror[39m: Redis Client Error
2024-08-15T23:43:59.974Z [31merror[39m: Redis Client Error
2024-08-15T23:44:00.491Z [31merror[39m: Redis Client Error
2024-08-15T23:44:01.010Z [31merror[39m: Redis Client Error
2024-08-15T23:44:01.526Z [31merror[39m: Redis Client Error
2024-08-15T23:44:02.045Z [31merror[39m: Redis Client Error
2024-08-15T23:44:02.561Z [31merror[39m: Redis Client Error
2024-08-15T23:44:03.080Z [31merror[39m: Redis Client Error
2024-08-15T23:44:03.595Z [31merror[39m: Redis Client Error
2024-08-15T23:44:04.113Z [31merror[39m: Redis Client Error
2024-08-15T23:44:04.631Z [31merror[39m: Redis Client Error
2024-08-15T23:44:05.149Z [31merror[39m: Redis Client Error
2024-08-15T23:44:05.666Z [31merror[39m: Redis Client Error
2024-08-15T23:44:06.184Z [31merror[39m: Redis Client Error
2024-08-15T23:44:06.700Z [31merror[39m: Redis Client Error
2024-08-15T23:44:07.217Z [31merror[39m: Redis Client Error
2024-08-15T23:44:07.742Z [31merror[39m: Redis Client Error
2024-08-15T23:44:08.265Z [31merror[39m: Redis Client Error
2024-08-15T23:44:08.774Z [31merror[39m: Redis Client Error
2024-08-15T23:44:09.292Z [31merror[39m: Redis Client Error
2024-08-15T23:44:09.808Z [31merror[39m: Redis Client Error
2024-08-16T00:19:55.632Z [32minfo[39m: Server started on http://localhost:6060
2024-08-16T00:19:55.943Z [31merror[39m: Redis Client Error
2024-08-16T00:19:55.949Z [31merror[39m: Redis Client Error
2024-08-16T00:19:56.016Z [31merror[39m: Redis Client Error
2024-08-16T00:19:56.134Z [31merror[39m: Redis Client Error
2024-08-16T00:19:56.309Z [31merror[39m: Redis Client Error
2024-08-16T00:19:56.520Z [31merror[39m: Redis Client Error
2024-08-16T00:19:56.791Z [31merror[39m: Redis Client Error
2024-08-16T00:19:57.102Z [31merror[39m: Redis Client Error
2024-08-16T00:19:57.477Z [31merror[39m: Redis Client Error
2024-08-16T00:19:57.888Z [31merror[39m: Redis Client Error
2024-08-16T00:19:59.390Z [31merror[39m: Redis Client Error
2024-08-16T00:20:00.053Z [31merror[39m: Redis Client Error
2024-08-16T00:20:00.565Z [31merror[39m: Redis Client Error
2024-08-16T00:20:01.055Z [32minfo[39m: Mongodb connected successfully
2024-08-16T00:20:01.104Z [31merror[39m: Redis Client Error
2024-08-16T00:20:01.622Z [31merror[39m: Redis Client Error
2024-08-16T00:20:02.140Z [31merror[39m: Redis Client Error
2024-08-16T00:20:02.655Z [31merror[39m: Redis Client Error
2024-08-16T00:20:03.175Z [31merror[39m: Redis Client Error
2024-08-16T00:20:03.694Z [31merror[39m: Redis Client Error
2024-08-16T00:20:04.213Z [31merror[39m: Redis Client Error
2024-08-16T00:20:04.725Z [31merror[39m: Redis Client Error
2024-08-16T00:20:05.242Z [31merror[39m: Redis Client Error
2024-08-16T00:20:05.763Z [31merror[39m: Redis Client Error
2024-08-16T00:20:06.273Z [31merror[39m: Redis Client Error
2024-08-16T00:20:06.793Z [31merror[39m: Redis Client Error
2024-08-16T00:20:07.316Z [31merror[39m: Redis Client Error
2024-08-16T00:20:07.827Z [31merror[39m: Redis Client Error
2024-08-16T00:20:08.346Z [31merror[39m: Redis Client Error
2024-08-16T00:20:08.868Z [31merror[39m: Redis Client Error
2024-08-16T00:20:09.384Z [31merror[39m: Redis Client Error
2024-08-16T00:20:09.906Z [31merror[39m: Redis Client Error
2024-08-16T00:20:10.420Z [31merror[39m: Redis Client Error
2024-08-16T00:20:10.930Z [31merror[39m: Redis Client Error
2024-08-16T00:20:11.440Z [31merror[39m: Redis Client Error
